2020-11-06 22:23:48.858  INFO 11372 --- [           main] m.c.api.BlogAdminApiApplicationTests     : Starting BlogAdminApiApplicationTests on DESKTOP-8UM5T2C with PID 11372 (started by CHZ in E:\project\java\blog-admin\blog-admin-api)
2020-11-06 22:23:48.860  INFO 11372 --- [           main] m.c.api.BlogAdminApiApplicationTests     : No active profile set, falling back to default profiles: default
2020-11-06 22:23:52.350  INFO 11372 --- [           main] o.s.s.concurrent.ThreadPoolTaskExecutor  : Initializing ExecutorService 'applicationTaskExecutor'
2020-11-06 22:23:52.910  INFO 11372 --- [           main] m.c.api.BlogAdminApiApplicationTests     : Started BlogAdminApiApplicationTests in 4.388 seconds (JVM running for 5.622)
2020-11-06 22:23:53.499  INFO 11372 --- [extShutdownHook] o.s.s.concurrent.ThreadPoolTaskExecutor  : Shutting down ExecutorService 'applicationTaskExecutor'
2020-11-06 22:25:41.397  INFO 18336 --- [           main] m.c.api.BlogAdminApiApplicationTests     : Starting BlogAdminApiApplicationTests on DESKTOP-8UM5T2C with PID 18336 (started by CHZ in E:\project\java\blog-admin\blog-admin-api)
2020-11-06 22:25:41.398  INFO 18336 --- [           main] m.c.api.BlogAdminApiApplicationTests     : No active profile set, falling back to default profiles: default
2020-11-06 22:25:44.329  INFO 18336 --- [           main] o.s.s.concurrent.ThreadPoolTaskExecutor  : Initializing ExecutorService 'applicationTaskExecutor'
2020-11-06 22:25:44.724  INFO 18336 --- [           main] m.c.api.BlogAdminApiApplicationTests     : Started BlogAdminApiApplicationTests in 3.625 seconds (JVM running for 4.734)
2020-11-06 22:25:45.016  INFO 18336 --- [extShutdownHook] o.s.s.concurrent.ThreadPoolTaskExecutor  : Shutting down ExecutorService 'applicationTaskExecutor'
2020-11-06 22:29:40.953  INFO 216 --- [           main] m.c.api.BlogAdminApiApplicationTests     : Starting BlogAdminApiApplicationTests on DESKTOP-8UM5T2C with PID 216 (started by CHZ in E:\project\java\blog-admin\blog-admin-api)
2020-11-06 22:29:40.955  INFO 216 --- [           main] m.c.api.BlogAdminApiApplicationTests     : No active profile set, falling back to default profiles: default
2020-11-06 22:29:43.813  INFO 216 --- [           main] o.s.s.concurrent.ThreadPoolTaskExecutor  : Initializing ExecutorService 'applicationTaskExecutor'
2020-11-06 22:29:44.222  INFO 216 --- [           main] m.c.api.BlogAdminApiApplicationTests     : Started BlogAdminApiApplicationTests in 3.555 seconds (JVM running for 4.639)
2020-11-06 22:29:44.510  INFO 216 --- [extShutdownHook] o.s.s.concurrent.ThreadPoolTaskExecutor  : Shutting down ExecutorService 'applicationTaskExecutor'
2020-11-06 22:35:40.218  INFO 8000 --- [           main] m.c.api.BlogAdminApiApplicationTests     : Starting BlogAdminApiApplicationTests on DESKTOP-8UM5T2C with PID 8000 (started by CHZ in E:\project\java\blog-admin\blog-admin-api)
2020-11-06 22:35:40.219  INFO 8000 --- [           main] m.c.api.BlogAdminApiApplicationTests     : No active profile set, falling back to default profiles: default
2020-11-06 22:35:44.198  INFO 8000 --- [           main] o.s.s.concurrent.ThreadPoolTaskExecutor  : Initializing ExecutorService 'applicationTaskExecutor'
2020-11-06 22:35:44.845  INFO 8000 --- [           main] m.c.api.BlogAdminApiApplicationTests     : Started BlogAdminApiApplicationTests in 4.976 seconds (JVM running for 6.219)
2020-11-06 22:35:45.381  INFO 8000 --- [extShutdownHook] o.s.s.concurrent.ThreadPoolTaskExecutor  : Shutting down ExecutorService 'applicationTaskExecutor'
2020-11-06 22:37:02.058  INFO 1612 --- [           main] m.c.api.BlogAdminApiApplicationTests     : Starting BlogAdminApiApplicationTests on DESKTOP-8UM5T2C with PID 1612 (started by CHZ in E:\project\java\blog-admin\blog-admin-api)
2020-11-06 22:37:02.059  INFO 1612 --- [           main] m.c.api.BlogAdminApiApplicationTests     : No active profile set, falling back to default profiles: default
2020-11-06 22:37:05.086  INFO 1612 --- [           main] o.s.s.concurrent.ThreadPoolTaskExecutor  : Initializing ExecutorService 'applicationTaskExecutor'
2020-11-06 22:37:05.489  INFO 1612 --- [           main] m.c.api.BlogAdminApiApplicationTests     : Started BlogAdminApiApplicationTests in 3.726 seconds (JVM running for 4.883)
2020-11-06 22:37:05.786  INFO 1612 --- [extShutdownHook] o.s.s.concurrent.ThreadPoolTaskExecutor  : Shutting down ExecutorService 'applicationTaskExecutor'
2020-11-06 22:46:36.486  INFO 8628 --- [           main] m.c.api.BlogAdminApiApplicationTests     : Starting BlogAdminApiApplicationTests on DESKTOP-8UM5T2C with PID 8628 (started by CHZ in E:\project\java\blog-admin\blog-admin-api)
2020-11-06 22:46:36.488  INFO 8628 --- [           main] m.c.api.BlogAdminApiApplicationTests     : No active profile set, falling back to default profiles: default
2020-11-06 22:46:40.109  INFO 8628 --- [           main] o.s.s.concurrent.ThreadPoolTaskExecutor  : Initializing ExecutorService 'applicationTaskExecutor'
2020-11-06 22:46:40.653  INFO 8628 --- [           main] m.c.api.BlogAdminApiApplicationTests     : Started BlogAdminApiApplicationTests in 4.541 seconds (JVM running for 5.975)
2020-11-06 22:46:40.950  INFO 8628 --- [extShutdownHook] o.s.s.concurrent.ThreadPoolTaskExecutor  : Shutting down ExecutorService 'applicationTaskExecutor'
2020-11-06 22:52:31.015  INFO 18216 --- [           main] m.c.api.BlogAdminApiApplicationTests     : Starting BlogAdminApiApplicationTests on DESKTOP-8UM5T2C with PID 18216 (started by CHZ in E:\project\java\blog-admin\blog-admin-api)
2020-11-06 22:52:31.016  INFO 18216 --- [           main] m.c.api.BlogAdminApiApplicationTests     : No active profile set, falling back to default profiles: default
2020-11-06 22:52:33.939  INFO 18216 --- [           main] o.s.s.concurrent.ThreadPoolTaskExecutor  : Initializing ExecutorService 'applicationTaskExecutor'
2020-11-06 22:52:34.424  INFO 18216 --- [           main] m.c.api.BlogAdminApiApplicationTests     : Started BlogAdminApiApplicationTests in 3.691 seconds (JVM running for 4.884)
2020-11-06 22:52:34.682  INFO 18216 --- [extShutdownHook] o.s.s.concurrent.ThreadPoolTaskExecutor  : Shutting down ExecutorService 'applicationTaskExecutor'
2020-11-06 22:56:20.803  INFO 18488 --- [           main] m.c.api.BlogAdminApiApplicationTests     : Starting BlogAdminApiApplicationTests on DESKTOP-8UM5T2C with PID 18488 (started by CHZ in E:\project\java\blog-admin\blog-admin-api)
2020-11-06 22:56:20.805  INFO 18488 --- [           main] m.c.api.BlogAdminApiApplicationTests     : No active profile set, falling back to default profiles: default
2020-11-06 22:56:24.667  INFO 18488 --- [           main] o.s.s.concurrent.ThreadPoolTaskExecutor  : Initializing ExecutorService 'applicationTaskExecutor'
2020-11-06 22:56:25.399  INFO 18488 --- [           main] m.c.api.BlogAdminApiApplicationTests     : Started BlogAdminApiApplicationTests in 4.964 seconds (JVM running for 6.298)
2020-11-06 22:56:25.731  INFO 18488 --- [extShutdownHook] o.s.s.concurrent.ThreadPoolTaskExecutor  : Shutting down ExecutorService 'applicationTaskExecutor'
2020-11-06 23:03:11.743  INFO 7872 --- [           main] m.c.api.BlogAdminApiApplicationTests     : Starting BlogAdminApiApplicationTests on DESKTOP-8UM5T2C with PID 7872 (started by CHZ in E:\project\java\blog-admin\blog-admin-api)
2020-11-06 23:03:11.745  INFO 7872 --- [           main] m.c.api.BlogAdminApiApplicationTests     : No active profile set, falling back to default profiles: default
2020-11-06 23:03:15.207  INFO 7872 --- [           main] o.s.s.concurrent.ThreadPoolTaskExecutor  : Initializing ExecutorService 'applicationTaskExecutor'
2020-11-06 23:03:16.061  INFO 7872 --- [           main] m.c.api.BlogAdminApiApplicationTests     : Started BlogAdminApiApplicationTests in 4.618 seconds (JVM running for 5.807)
2020-11-06 23:03:16.492  INFO 7872 --- [extShutdownHook] o.s.s.concurrent.ThreadPoolTaskExecutor  : Shutting down ExecutorService 'applicationTaskExecutor'
2020-11-06 23:03:56.468  INFO 19392 --- [           main] m.c.api.BlogAdminApiApplicationTests     : Starting BlogAdminApiApplicationTests on DESKTOP-8UM5T2C with PID 19392 (started by CHZ in E:\project\java\blog-admin\blog-admin-api)
2020-11-06 23:03:56.469  INFO 19392 --- [           main] m.c.api.BlogAdminApiApplicationTests     : No active profile set, falling back to default profiles: default
2020-11-06 23:03:59.734  INFO 19392 --- [           main] o.s.s.concurrent.ThreadPoolTaskExecutor  : Initializing ExecutorService 'applicationTaskExecutor'
2020-11-06 23:04:00.217  INFO 19392 --- [           main] m.c.api.BlogAdminApiApplicationTests     : Started BlogAdminApiApplicationTests in 4.055 seconds (JVM running for 5.257)
2020-11-06 23:04:00.553  INFO 19392 --- [extShutdownHook] o.s.s.concurrent.ThreadPoolTaskExecutor  : Shutting down ExecutorService 'applicationTaskExecutor'
2020-11-06 23:05:41.758  INFO 9672 --- [           main] m.c.api.BlogAdminApiApplicationTests     : Starting BlogAdminApiApplicationTests on DESKTOP-8UM5T2C with PID 9672 (started by CHZ in E:\project\java\blog-admin\blog-admin-api)
2020-11-06 23:05:41.759  INFO 9672 --- [           main] m.c.api.BlogAdminApiApplicationTests     : No active profile set, falling back to default profiles: default
2020-11-06 23:05:44.997  INFO 9672 --- [           main] o.s.s.concurrent.ThreadPoolTaskExecutor  : Initializing ExecutorService 'applicationTaskExecutor'
2020-11-06 23:05:45.147  INFO 9672 --- [           main] o.s.b.a.w.s.WelcomePageHandlerMapping    : Adding welcome page: class path resource [public/index.html]
2020-11-06 23:05:45.559  INFO 9672 --- [           main] m.c.api.BlogAdminApiApplicationTests     : Started BlogAdminApiApplicationTests in 4.108 seconds (JVM running for 5.319)
2020-11-06 23:05:45.889  INFO 9672 --- [extShutdownHook] o.s.s.concurrent.ThreadPoolTaskExecutor  : Shutting down ExecutorService 'applicationTaskExecutor'
