[2m2020-11-02 00:39:51.318[0;39m [32m INFO[0;39m [35m13280[0;39m [2m---[0;39m [2m[           main][0;39m [36mme.chenhz.api.BlogAdminApiApplication   [0;39m [2m:[0;39m Starting BlogAdminApiApplication on DESKTOP-8UM5T2C with PID 13280 (E:\project\java\blog-admin\blog-admin-api\target\classes started by CHZ in E:\project\java\blog-admin)
[2m2020-11-02 00:39:51.321[0;39m [32m INFO[0;39m [35m13280[0;39m [2m---[0;39m [2m[           main][0;39m [36mme.chenhz.api.BlogAdminApiApplication   [0;39m [2m:[0;39m No active profile set, falling back to default profiles: default
[2m2020-11-02 00:39:52.078[0;39m [33m WARN[0;39m [35m13280[0;39m [2m---[0;39m [2m[           main][0;39m [36mo.m.s.mapper.ClassPathMapperScanner     [0;39m [2m:[0;39m No MyBatis mapper was found in '[me.chenhz.api.mapper]' package. Please check your configuration.
[2m2020-11-02 00:39:52.354[0;39m [32m INFO[0;39m [35m13280[0;39m [2m---[0;39m [2m[           main][0;39m [36mo.s.b.w.embedded.tomcat.TomcatWebServer [0;39m [2m:[0;39m Tomcat initialized with port(s): 8086 (http)
[2m2020-11-02 00:39:52.362[0;39m [32m INFO[0;39m [35m13280[0;39m [2m---[0;39m [2m[           main][0;39m [36mo.apache.catalina.core.StandardService  [0;39m [2m:[0;39m Starting service [Tomcat]
[2m2020-11-02 00:39:52.362[0;39m [32m INFO[0;39m [35m13280[0;39m [2m---[0;39m [2m[           main][0;39m [36morg.apache.catalina.core.StandardEngine [0;39m [2m:[0;39m Starting Servlet engine: [Apache Tomcat/9.0.39]
[2m2020-11-02 00:39:52.364[0;39m [32m INFO[0;39m [35m13280[0;39m [2m---[0;39m [2m[           main][0;39m [36mo.a.catalina.core.AprLifecycleListener  [0;39m [2m:[0;39m An older version [1.2.14] of the Apache Tomcat Native library is installed, while Tomcat recommends a minimum version of [1.2.23]
[2m2020-11-02 00:39:52.364[0;39m [32m INFO[0;39m [35m13280[0;39m [2m---[0;39m [2m[           main][0;39m [36mo.a.catalina.core.AprLifecycleListener  [0;39m [2m:[0;39m Loaded Apache Tomcat Native library [1.2.14] using APR version [1.6.2].
[2m2020-11-02 00:39:52.364[0;39m [32m INFO[0;39m [35m13280[0;39m [2m---[0;39m [2m[           main][0;39m [36mo.a.catalina.core.AprLifecycleListener  [0;39m [2m:[0;39m APR capabilities: IPv6 [true], sendfile [true], accept filters [false], random [true].
[2m2020-11-02 00:39:52.365[0;39m [32m INFO[0;39m [35m13280[0;39m [2m---[0;39m [2m[           main][0;39m [36mo.a.catalina.core.AprLifecycleListener  [0;39m [2m:[0;39m APR/OpenSSL configuration: useAprConnector [false], useOpenSSL [true]
[2m2020-11-02 00:39:53.434[0;39m [32m INFO[0;39m [35m13280[0;39m [2m---[0;39m [2m[           main][0;39m [36mo.a.catalina.core.AprLifecycleListener  [0;39m [2m:[0;39m OpenSSL successfully initialized [OpenSSL 1.0.2l  25 May 2017]
[2m2020-11-02 00:39:53.533[0;39m [32m INFO[0;39m [35m13280[0;39m [2m---[0;39m [2m[           main][0;39m [36mo.a.c.c.C.[Tomcat].[localhost].[/]      [0;39m [2m:[0;39m Initializing Spring embedded WebApplicationContext
[2m2020-11-02 00:39:53.534[0;39m [32m INFO[0;39m [35m13280[0;39m [2m---[0;39m [2m[           main][0;39m [36mw.s.c.ServletWebServerApplicationContext[0;39m [2m:[0;39m Root WebApplicationContext: initialization completed in 2154 ms
[2m2020-11-02 00:39:53.668[0;39m [32m INFO[0;39m [35m13280[0;39m [2m---[0;39m [2m[           main][0;39m [36mo.s.b.a.e.web.ServletEndpointRegistrar  [0;39m [2m:[0;39m Registered '/actuator/jolokia' to jolokia-actuator-endpoint
[2m2020-11-02 00:39:53.787[0;39m [32m INFO[0;39m [35m13280[0;39m [2m---[0;39m [2m[           main][0;39m [36mo.s.s.concurrent.ThreadPoolTaskExecutor [0;39m [2m:[0;39m Initializing ExecutorService 'applicationTaskExecutor'
[2m2020-11-02 00:39:55.152[0;39m [33m WARN[0;39m [35m13280[0;39m [2m---[0;39m [2m[           main][0;39m [36mConfigServletWebServerApplicationContext[0;39m [2m:[0;39m Exception encountered during context initialization - cancelling refresh attempt: org.springframework.beans.factory.BeanCreationException: Error creating bean with name 'registrator' defined in class path resource [de/codecentric/boot/admin/client/config/SpringBootAdminClientAutoConfiguration.class]: Bean instantiation via factory method failed; nested exception is org.springframework.beans.BeanInstantiationException: Failed to instantiate [de.codecentric.boot.admin.client.registration.ApplicationRegistrator]: Factory method 'registrator' threw exception; nested exception is java.lang.NoSuchMethodError: org.springframework.boot.web.client.RestTemplateBuilder.setConnectTimeout(I)Lorg/springframework/boot/web/client/RestTemplateBuilder;
[2m2020-11-02 00:39:55.152[0;39m [32m INFO[0;39m [35m13280[0;39m [2m---[0;39m [2m[           main][0;39m [36mo.s.s.concurrent.ThreadPoolTaskExecutor [0;39m [2m:[0;39m Shutting down ExecutorService 'applicationTaskExecutor'
[2m2020-11-02 00:39:55.155[0;39m [32m INFO[0;39m [35m13280[0;39m [2m---[0;39m [2m[           main][0;39m [36mo.apache.catalina.core.StandardService  [0;39m [2m:[0;39m Stopping service [Tomcat]
[2m2020-11-02 00:39:55.167[0;39m [32m INFO[0;39m [35m13280[0;39m [2m---[0;39m [2m[           main][0;39m [36mConditionEvaluationReportLoggingListener[0;39m [2m:[0;39m 

Error starting ApplicationContext. To display the conditions report re-run your application with 'debug' enabled.
[2m2020-11-02 00:39:55.172[0;39m [31mERROR[0;39m [35m13280[0;39m [2m---[0;39m [2m[           main][0;39m [36mo.s.b.d.LoggingFailureAnalysisReporter  [0;39m [2m:[0;39m 

***************************
APPLICATION FAILED TO START
***************************

Description:

An attempt was made to call a method that does not exist. The attempt was made from the following location:

    de.codecentric.boot.admin.client.config.SpringBootAdminClientAutoConfiguration.registrator(SpringBootAdminClientAutoConfiguration.java:98)

The following method did not exist:

    org.springframework.boot.web.client.RestTemplateBuilder.setConnectTimeout(I)Lorg/springframework/boot/web/client/RestTemplateBuilder;

The method's class, org.springframework.boot.web.client.RestTemplateBuilder, is available from the following locations:

    jar:file:/E:/software/maven/repository/org/springframework/boot/spring-boot/2.3.5.RELEASE/spring-boot-2.3.5.RELEASE.jar!/org/springframework/boot/web/client/RestTemplateBuilder.class

The class hierarchy was loaded from the following locations:

    org.springframework.boot.web.client.RestTemplateBuilder: file:/E:/software/maven/repository/org/springframework/boot/spring-boot/2.3.5.RELEASE/spring-boot-2.3.5.RELEASE.jar


Action:

Correct the classpath of your application so that it contains a single, compatible version of org.springframework.boot.web.client.RestTemplateBuilder

[2m2020-11-02 00:44:40.515[0;39m [32m INFO[0;39m [35m17388[0;39m [2m---[0;39m [2m[           main][0;39m [36mme.chenhz.api.BlogAdminApiApplication   [0;39m [2m:[0;39m Starting BlogAdminApiApplication on DESKTOP-8UM5T2C with PID 17388 (E:\project\java\blog-admin\blog-admin-api\target\classes started by CHZ in E:\project\java\blog-admin)
[2m2020-11-02 00:44:40.518[0;39m [32m INFO[0;39m [35m17388[0;39m [2m---[0;39m [2m[           main][0;39m [36mme.chenhz.api.BlogAdminApiApplication   [0;39m [2m:[0;39m No active profile set, falling back to default profiles: default
[2m2020-11-02 00:44:41.642[0;39m [32m INFO[0;39m [35m17388[0;39m [2m---[0;39m [2m[           main][0;39m [36mo.s.b.w.embedded.tomcat.TomcatWebServer [0;39m [2m:[0;39m Tomcat initialized with port(s): 8086 (http)
[2m2020-11-02 00:44:41.649[0;39m [32m INFO[0;39m [35m17388[0;39m [2m---[0;39m [2m[           main][0;39m [36mo.apache.catalina.core.StandardService  [0;39m [2m:[0;39m Starting service [Tomcat]
[2m2020-11-02 00:44:41.650[0;39m [32m INFO[0;39m [35m17388[0;39m [2m---[0;39m [2m[           main][0;39m [36morg.apache.catalina.core.StandardEngine [0;39m [2m:[0;39m Starting Servlet engine: [Apache Tomcat/9.0.39]
[2m2020-11-02 00:44:41.651[0;39m [32m INFO[0;39m [35m17388[0;39m [2m---[0;39m [2m[           main][0;39m [36mo.a.catalina.core.AprLifecycleListener  [0;39m [2m:[0;39m An older version [1.2.14] of the Apache Tomcat Native library is installed, while Tomcat recommends a minimum version of [1.2.23]
[2m2020-11-02 00:44:41.651[0;39m [32m INFO[0;39m [35m17388[0;39m [2m---[0;39m [2m[           main][0;39m [36mo.a.catalina.core.AprLifecycleListener  [0;39m [2m:[0;39m Loaded Apache Tomcat Native library [1.2.14] using APR version [1.6.2].
[2m2020-11-02 00:44:41.651[0;39m [32m INFO[0;39m [35m17388[0;39m [2m---[0;39m [2m[           main][0;39m [36mo.a.catalina.core.AprLifecycleListener  [0;39m [2m:[0;39m APR capabilities: IPv6 [true], sendfile [true], accept filters [false], random [true].
[2m2020-11-02 00:44:41.652[0;39m [32m INFO[0;39m [35m17388[0;39m [2m---[0;39m [2m[           main][0;39m [36mo.a.catalina.core.AprLifecycleListener  [0;39m [2m:[0;39m APR/OpenSSL configuration: useAprConnector [false], useOpenSSL [true]
[2m2020-11-02 00:44:42.709[0;39m [32m INFO[0;39m [35m17388[0;39m [2m---[0;39m [2m[           main][0;39m [36mo.a.catalina.core.AprLifecycleListener  [0;39m [2m:[0;39m OpenSSL successfully initialized [OpenSSL 1.0.2l  25 May 2017]
[2m2020-11-02 00:44:42.816[0;39m [32m INFO[0;39m [35m17388[0;39m [2m---[0;39m [2m[           main][0;39m [36mo.a.c.c.C.[Tomcat].[localhost].[/]      [0;39m [2m:[0;39m Initializing Spring embedded WebApplicationContext
[2m2020-11-02 00:44:42.816[0;39m [32m INFO[0;39m [35m17388[0;39m [2m---[0;39m [2m[           main][0;39m [36mw.s.c.ServletWebServerApplicationContext[0;39m [2m:[0;39m Root WebApplicationContext: initialization completed in 2240 ms
[2m2020-11-02 00:44:42.943[0;39m [32m INFO[0;39m [35m17388[0;39m [2m---[0;39m [2m[           main][0;39m [36mo.s.b.a.e.web.ServletEndpointRegistrar  [0;39m [2m:[0;39m Registered '/actuator/jolokia' to jolokia-actuator-endpoint
[2m2020-11-02 00:44:44.353[0;39m [32m INFO[0;39m [35m17388[0;39m [2m---[0;39m [2m[           main][0;39m [36mo.s.s.concurrent.ThreadPoolTaskExecutor [0;39m [2m:[0;39m Initializing ExecutorService 'applicationTaskExecutor'
[2m2020-11-02 00:44:44.620[0;39m [33m WARN[0;39m [35m17388[0;39m [2m---[0;39m [2m[           main][0;39m [36mConfigServletWebServerApplicationContext[0;39m [2m:[0;39m Exception encountered during context initialization - cancelling refresh attempt: org.springframework.beans.factory.BeanCreationException: Error creating bean with name 'registrator' defined in class path resource [de/codecentric/boot/admin/client/config/SpringBootAdminClientAutoConfiguration.class]: Bean instantiation via factory method failed; nested exception is org.springframework.beans.BeanInstantiationException: Failed to instantiate [de.codecentric.boot.admin.client.registration.ApplicationRegistrator]: Factory method 'registrator' threw exception; nested exception is java.lang.NoSuchMethodError: org.springframework.boot.web.client.RestTemplateBuilder.setConnectTimeout(I)Lorg/springframework/boot/web/client/RestTemplateBuilder;
[2m2020-11-02 00:44:44.621[0;39m [32m INFO[0;39m [35m17388[0;39m [2m---[0;39m [2m[           main][0;39m [36mo.s.s.concurrent.ThreadPoolTaskExecutor [0;39m [2m:[0;39m Shutting down ExecutorService 'applicationTaskExecutor'
[2m2020-11-02 00:44:44.623[0;39m [32m INFO[0;39m [35m17388[0;39m [2m---[0;39m [2m[           main][0;39m [36mo.apache.catalina.core.StandardService  [0;39m [2m:[0;39m Stopping service [Tomcat]
[2m2020-11-02 00:44:44.635[0;39m [32m INFO[0;39m [35m17388[0;39m [2m---[0;39m [2m[           main][0;39m [36mConditionEvaluationReportLoggingListener[0;39m [2m:[0;39m 

Error starting ApplicationContext. To display the conditions report re-run your application with 'debug' enabled.
[2m2020-11-02 00:44:44.640[0;39m [31mERROR[0;39m [35m17388[0;39m [2m---[0;39m [2m[           main][0;39m [36mo.s.b.d.LoggingFailureAnalysisReporter  [0;39m [2m:[0;39m 

***************************
APPLICATION FAILED TO START
***************************

Description:

An attempt was made to call a method that does not exist. The attempt was made from the following location:

    de.codecentric.boot.admin.client.config.SpringBootAdminClientAutoConfiguration.registrator(SpringBootAdminClientAutoConfiguration.java:98)

The following method did not exist:

    org.springframework.boot.web.client.RestTemplateBuilder.setConnectTimeout(I)Lorg/springframework/boot/web/client/RestTemplateBuilder;

The method's class, org.springframework.boot.web.client.RestTemplateBuilder, is available from the following locations:

    jar:file:/E:/software/maven/repository/org/springframework/boot/spring-boot/2.3.5.RELEASE/spring-boot-2.3.5.RELEASE.jar!/org/springframework/boot/web/client/RestTemplateBuilder.class

The class hierarchy was loaded from the following locations:

    org.springframework.boot.web.client.RestTemplateBuilder: file:/E:/software/maven/repository/org/springframework/boot/spring-boot/2.3.5.RELEASE/spring-boot-2.3.5.RELEASE.jar


Action:

Correct the classpath of your application so that it contains a single, compatible version of org.springframework.boot.web.client.RestTemplateBuilder

[2m2020-11-02 00:52:49.589[0;39m [32m INFO[0;39m [35m16292[0;39m [2m---[0;39m [2m[           main][0;39m [36mme.chenhz.api.BlogAdminApiApplication   [0;39m [2m:[0;39m Starting BlogAdminApiApplication on DESKTOP-8UM5T2C with PID 16292 (E:\project\java\blog-admin\blog-admin-api\target\classes started by CHZ in E:\project\java\blog-admin)
[2m2020-11-02 00:52:49.593[0;39m [32m INFO[0;39m [35m16292[0;39m [2m---[0;39m [2m[           main][0;39m [36mme.chenhz.api.BlogAdminApiApplication   [0;39m [2m:[0;39m No active profile set, falling back to default profiles: default
[2m2020-11-02 00:52:50.805[0;39m [32m INFO[0;39m [35m16292[0;39m [2m---[0;39m [2m[           main][0;39m [36mo.s.b.w.embedded.tomcat.TomcatWebServer [0;39m [2m:[0;39m Tomcat initialized with port(s): 8086 (http)
[2m2020-11-02 00:52:50.815[0;39m [32m INFO[0;39m [35m16292[0;39m [2m---[0;39m [2m[           main][0;39m [36mo.apache.catalina.core.StandardService  [0;39m [2m:[0;39m Starting service [Tomcat]
[2m2020-11-02 00:52:50.816[0;39m [32m INFO[0;39m [35m16292[0;39m [2m---[0;39m [2m[           main][0;39m [36morg.apache.catalina.core.StandardEngine [0;39m [2m:[0;39m Starting Servlet engine: [Apache Tomcat/9.0.39]
[2m2020-11-02 00:52:50.817[0;39m [32m INFO[0;39m [35m16292[0;39m [2m---[0;39m [2m[           main][0;39m [36mo.a.catalina.core.AprLifecycleListener  [0;39m [2m:[0;39m An older version [1.2.14] of the Apache Tomcat Native library is installed, while Tomcat recommends a minimum version of [1.2.23]
[2m2020-11-02 00:52:50.817[0;39m [32m INFO[0;39m [35m16292[0;39m [2m---[0;39m [2m[           main][0;39m [36mo.a.catalina.core.AprLifecycleListener  [0;39m [2m:[0;39m Loaded Apache Tomcat Native library [1.2.14] using APR version [1.6.2].
[2m2020-11-02 00:52:50.817[0;39m [32m INFO[0;39m [35m16292[0;39m [2m---[0;39m [2m[           main][0;39m [36mo.a.catalina.core.AprLifecycleListener  [0;39m [2m:[0;39m APR capabilities: IPv6 [true], sendfile [true], accept filters [false], random [true].
[2m2020-11-02 00:52:50.818[0;39m [32m INFO[0;39m [35m16292[0;39m [2m---[0;39m [2m[           main][0;39m [36mo.a.catalina.core.AprLifecycleListener  [0;39m [2m:[0;39m APR/OpenSSL configuration: useAprConnector [false], useOpenSSL [true]
[2m2020-11-02 00:52:51.872[0;39m [32m INFO[0;39m [35m16292[0;39m [2m---[0;39m [2m[           main][0;39m [36mo.a.catalina.core.AprLifecycleListener  [0;39m [2m:[0;39m OpenSSL successfully initialized [OpenSSL 1.0.2l  25 May 2017]
[2m2020-11-02 00:52:51.995[0;39m [32m INFO[0;39m [35m16292[0;39m [2m---[0;39m [2m[           main][0;39m [36mo.a.c.c.C.[Tomcat].[localhost].[/]      [0;39m [2m:[0;39m Initializing Spring embedded WebApplicationContext
[2m2020-11-02 00:52:51.996[0;39m [32m INFO[0;39m [35m16292[0;39m [2m---[0;39m [2m[           main][0;39m [36mw.s.c.ServletWebServerApplicationContext[0;39m [2m:[0;39m Root WebApplicationContext: initialization completed in 2339 ms
[2m2020-11-02 00:52:52.134[0;39m [32m INFO[0;39m [35m16292[0;39m [2m---[0;39m [2m[           main][0;39m [36mo.s.b.a.e.web.ServletEndpointRegistrar  [0;39m [2m:[0;39m Registered '/actuator/jolokia' to jolokia-actuator-endpoint
[2m2020-11-02 00:52:53.645[0;39m [32m INFO[0;39m [35m16292[0;39m [2m---[0;39m [2m[           main][0;39m [36mo.s.s.concurrent.ThreadPoolTaskExecutor [0;39m [2m:[0;39m Initializing ExecutorService 'applicationTaskExecutor'
[2m2020-11-02 00:52:53.922[0;39m [33m WARN[0;39m [35m16292[0;39m [2m---[0;39m [2m[           main][0;39m [36mConfigServletWebServerApplicationContext[0;39m [2m:[0;39m Exception encountered during context initialization - cancelling refresh attempt: org.springframework.beans.factory.BeanCreationException: Error creating bean with name 'registrator' defined in class path resource [de/codecentric/boot/admin/client/config/SpringBootAdminClientAutoConfiguration.class]: Bean instantiation via factory method failed; nested exception is org.springframework.beans.BeanInstantiationException: Failed to instantiate [de.codecentric.boot.admin.client.registration.ApplicationRegistrator]: Factory method 'registrator' threw exception; nested exception is java.lang.NoSuchMethodError: org.springframework.boot.web.client.RestTemplateBuilder.setConnectTimeout(I)Lorg/springframework/boot/web/client/RestTemplateBuilder;
[2m2020-11-02 00:52:53.923[0;39m [32m INFO[0;39m [35m16292[0;39m [2m---[0;39m [2m[           main][0;39m [36mo.s.s.concurrent.ThreadPoolTaskExecutor [0;39m [2m:[0;39m Shutting down ExecutorService 'applicationTaskExecutor'
[2m2020-11-02 00:52:53.927[0;39m [32m INFO[0;39m [35m16292[0;39m [2m---[0;39m [2m[           main][0;39m [36mo.apache.catalina.core.StandardService  [0;39m [2m:[0;39m Stopping service [Tomcat]
[2m2020-11-02 00:52:53.941[0;39m [32m INFO[0;39m [35m16292[0;39m [2m---[0;39m [2m[           main][0;39m [36mConditionEvaluationReportLoggingListener[0;39m [2m:[0;39m 

Error starting ApplicationContext. To display the conditions report re-run your application with 'debug' enabled.
[2m2020-11-02 00:52:53.947[0;39m [31mERROR[0;39m [35m16292[0;39m [2m---[0;39m [2m[           main][0;39m [36mo.s.b.d.LoggingFailureAnalysisReporter  [0;39m [2m:[0;39m 

***************************
APPLICATION FAILED TO START
***************************

Description:

An attempt was made to call a method that does not exist. The attempt was made from the following location:

    de.codecentric.boot.admin.client.config.SpringBootAdminClientAutoConfiguration.registrator(SpringBootAdminClientAutoConfiguration.java:98)

The following method did not exist:

    org.springframework.boot.web.client.RestTemplateBuilder.setConnectTimeout(I)Lorg/springframework/boot/web/client/RestTemplateBuilder;

The method's class, org.springframework.boot.web.client.RestTemplateBuilder, is available from the following locations:

    jar:file:/E:/software/maven/repository/org/springframework/boot/spring-boot/2.3.5.RELEASE/spring-boot-2.3.5.RELEASE.jar!/org/springframework/boot/web/client/RestTemplateBuilder.class

The class hierarchy was loaded from the following locations:

    org.springframework.boot.web.client.RestTemplateBuilder: file:/E:/software/maven/repository/org/springframework/boot/spring-boot/2.3.5.RELEASE/spring-boot-2.3.5.RELEASE.jar


Action:

Correct the classpath of your application so that it contains a single, compatible version of org.springframework.boot.web.client.RestTemplateBuilder

[2m2020-11-02 00:56:12.660[0;39m [32m INFO[0;39m [35m7848[0;39m [2m---[0;39m [2m[           main][0;39m [36mme.chenhz.api.BlogAdminApiApplication   [0;39m [2m:[0;39m Starting BlogAdminApiApplication on DESKTOP-8UM5T2C with PID 7848 (E:\project\java\blog-admin\blog-admin-api\target\classes started by CHZ in E:\project\java\blog-admin)
[2m2020-11-02 00:56:12.665[0;39m [32m INFO[0;39m [35m7848[0;39m [2m---[0;39m [2m[           main][0;39m [36mme.chenhz.api.BlogAdminApiApplication   [0;39m [2m:[0;39m No active profile set, falling back to default profiles: default
[2m2020-11-02 00:56:14.549[0;39m [32m INFO[0;39m [35m7848[0;39m [2m---[0;39m [2m[           main][0;39m [36mo.s.b.w.embedded.tomcat.TomcatWebServer [0;39m [2m:[0;39m Tomcat initialized with port(s): 8086 (http)
[2m2020-11-02 00:56:14.559[0;39m [32m INFO[0;39m [35m7848[0;39m [2m---[0;39m [2m[           main][0;39m [36mo.apache.catalina.core.StandardService  [0;39m [2m:[0;39m Starting service [Tomcat]
[2m2020-11-02 00:56:14.559[0;39m [32m INFO[0;39m [35m7848[0;39m [2m---[0;39m [2m[           main][0;39m [36morg.apache.catalina.core.StandardEngine [0;39m [2m:[0;39m Starting Servlet engine: [Apache Tomcat/9.0.39]
[2m2020-11-02 00:56:14.560[0;39m [32m INFO[0;39m [35m7848[0;39m [2m---[0;39m [2m[           main][0;39m [36mo.a.catalina.core.AprLifecycleListener  [0;39m [2m:[0;39m An older version [1.2.14] of the Apache Tomcat Native library is installed, while Tomcat recommends a minimum version of [1.2.23]
[2m2020-11-02 00:56:14.561[0;39m [32m INFO[0;39m [35m7848[0;39m [2m---[0;39m [2m[           main][0;39m [36mo.a.catalina.core.AprLifecycleListener  [0;39m [2m:[0;39m Loaded Apache Tomcat Native library [1.2.14] using APR version [1.6.2].
[2m2020-11-02 00:56:14.561[0;39m [32m INFO[0;39m [35m7848[0;39m [2m---[0;39m [2m[           main][0;39m [36mo.a.catalina.core.AprLifecycleListener  [0;39m [2m:[0;39m APR capabilities: IPv6 [true], sendfile [true], accept filters [false], random [true].
[2m2020-11-02 00:56:14.561[0;39m [32m INFO[0;39m [35m7848[0;39m [2m---[0;39m [2m[           main][0;39m [36mo.a.catalina.core.AprLifecycleListener  [0;39m [2m:[0;39m APR/OpenSSL configuration: useAprConnector [false], useOpenSSL [true]
[2m2020-11-02 00:56:15.615[0;39m [32m INFO[0;39m [35m7848[0;39m [2m---[0;39m [2m[           main][0;39m [36mo.a.catalina.core.AprLifecycleListener  [0;39m [2m:[0;39m OpenSSL successfully initialized [OpenSSL 1.0.2l  25 May 2017]
[2m2020-11-02 00:56:15.742[0;39m [32m INFO[0;39m [35m7848[0;39m [2m---[0;39m [2m[           main][0;39m [36mo.a.c.c.C.[Tomcat].[localhost].[/]      [0;39m [2m:[0;39m Initializing Spring embedded WebApplicationContext
[2m2020-11-02 00:56:15.743[0;39m [32m INFO[0;39m [35m7848[0;39m [2m---[0;39m [2m[           main][0;39m [36mw.s.c.ServletWebServerApplicationContext[0;39m [2m:[0;39m Root WebApplicationContext: initialization completed in 3002 ms
[2m2020-11-02 00:56:15.921[0;39m [32m INFO[0;39m [35m7848[0;39m [2m---[0;39m [2m[           main][0;39m [36mo.s.b.a.e.web.ServletEndpointRegistrar  [0;39m [2m:[0;39m Registered '/actuator/jolokia' to jolokia-actuator-endpoint
[2m2020-11-02 00:56:17.495[0;39m [32m INFO[0;39m [35m7848[0;39m [2m---[0;39m [2m[           main][0;39m [36mo.s.s.concurrent.ThreadPoolTaskExecutor [0;39m [2m:[0;39m Initializing ExecutorService 'applicationTaskExecutor'
[2m2020-11-02 00:56:17.830[0;39m [32m INFO[0;39m [35m7848[0;39m [2m---[0;39m [2m[           main][0;39m [36mo.s.b.a.e.web.EndpointLinksResolver     [0;39m [2m:[0;39m Exposing 15 endpoint(s) beneath base path '/actuator'
[2m2020-11-02 00:56:17.880[0;39m [32m INFO[0;39m [35m7848[0;39m [2m---[0;39m [2m[           main][0;39m [36mo.s.b.w.embedded.tomcat.TomcatWebServer [0;39m [2m:[0;39m Tomcat started on port(s): 8086 (http) with context path ''
[2m2020-11-02 00:56:17.894[0;39m [32m INFO[0;39m [35m7848[0;39m [2m---[0;39m [2m[           main][0;39m [36mme.chenhz.api.BlogAdminApiApplication   [0;39m [2m:[0;39m Started BlogAdminApiApplication in 6.105 seconds (JVM running for 8.433)
